<?xml version="1.0" encoding="UTF-8" standalone="no"?>
<testsuite errors="0" failures="0" name="io.cucumber.core.plugin.JUnitFormatter" skipped="0" tests="3" time="35.504">
    <testcase classname="Customer" name="Add new customer" time="15.406">
        <system-out><![CDATA[Given User Launch the Browser...............................................passed
When user opens URL "https://admin-demo.nopcommerce.com/login?ReturnUrl=%2Fadmin%2F".passed
And user enters the Email as "admin@yourstore.com" and password as "admin"..passed
And Click on login button...................................................passed
Then user can view Dashboard................................................passed
When user clicks on Customer menu...........................................passed
And click on customer menu item.............................................passed
And click on add new Button.................................................passed
Then user can view Add new customer page....................................passed
When user enter cutomer info................................................passed
And click on Save button....................................................passed
Then user can view confirmation message "The new customer has been added successfully.".passed
Then close browser..........................................................passed
]]></system-out>
    </testcase>
    <testcase classname="Customer" name="Search customer by Email" time="10.039">
        <system-out><![CDATA[Given User Launch the Browser...............................................passed
When user opens URL "https://admin-demo.nopcommerce.com/login?ReturnUrl=%2Fadmin%2F".passed
And user enters the Email as "admin@yourstore.com" and password as "admin"..passed
And Click on login button...................................................passed
Then user can view Dashboard................................................passed
When user clicks on Customer menu...........................................passed
And click on customer menu item.............................................passed
And customer enter email....................................................passed
When click on search button.................................................passed
Then close browser..........................................................passed
]]></system-out>
    </testcase>
    <testcase classname="Customer" name="Search by customer Name" time="9.778">
        <system-out><![CDATA[Given User Launch the Browser...............................................passed
When user opens URL "https://admin-demo.nopcommerce.com/login?ReturnUrl=%2Fadmin%2F".passed
And user enters the Email as "admin@yourstore.com" and password as "admin"..passed
And Click on login button...................................................passed
Then user can view Dashboard................................................passed
When user clicks on Customer menu...........................................passed
And click on customer menu item.............................................passed
And customer enter firstname................................................passed
And customer enter Lastname.................................................passed
When click on search button.................................................passed
Then close browser..........................................................passed
]]></system-out>
    </testcase>
</testsuite>
